#
# There is insufficient memory for the Java Runtime Environment to continue.
# Native memory allocation (mmap) failed to map 132120576 bytes for Failed to commit area from 0x0000000082000000 to 0x0000000089e00000 of length 132120576.
# Possible reasons:
#   The system is out of physical RAM or swap space
#   The process is running with CompressedOops enabled, and the Java Heap may be blocking the growth of the native heap
# Possible solutions:
#   Reduce memory load on the system
#   Increase physical memory or swap space
#   Check if swap backing store is full
#   Decrease Java heap size (-Xmx/-Xms)
#   Decrease number of Java threads
#   Decrease Java thread stack sizes (-Xss)
#   Set larger code cache with -XX:ReservedCodeCacheSize=
# This output file may be truncated or incomplete.
#
#  Out of Memory Error (./open/src/hotspot/os/windows/os_windows.cpp:3273), pid=8668, tid=5724
#
# JRE version:  (11.0.12+8) (build )
# Java VM: Java HotSpot(TM) 64-Bit Server VM (11.0.12+8-LTS-237, mixed mode, sharing, tiered, compressed oops, g1 gc, windows-amd64)
# No core dump will be written. Minidumps are not enabled by default on client versions of Windows
#

---------------  S U M M A R Y ------------

Command Line: -Dfile.encoding=utf8 c:\Users\DELL\.vscode\extensions\vscjava.vscode-gradle-3.12.6\lib\gradle-language-server.jar

Host: Intel(R) Core(TM) i5-8250U CPU @ 1.60GHz, 8 cores, 7G,  Windows 10 , 64 bit Build 19041 (10.0.19041.1566)
Time: Tue Feb 21 17:17:46 2023 India Standard Time elapsed time: 0.037919 seconds (0d 0h 0m 0s)

---------------  T H R E A D  ---------------

Current thread (0x000001d8f59aa000):  JavaThread "Unknown thread" [_thread_in_vm, id=5724, stack(0x000000598ed00000,0x000000598ee00000)]

Stack: [0x000000598ed00000,0x000000598ee00000]
Native frames: (J=compiled Java code, j=interpreted, Vv=VM code, C=native code)
V  [jvm.dll+0x617d9a]
V  [jvm.dll+0x74eeef]
V  [jvm.dll+0x750599]
V  [jvm.dll+0x750c23]
V  [jvm.dll+0x2438d8]
V  [jvm.dll+0x61518a]
V  [jvm.dll+0x609f45]
V  [jvm.dll+0x2f85cc]
V  [jvm.dll+0x2f8452]
V  [jvm.dll+0x2fd106]
V  [jvm.dll+0x33f6ef]
V  [jvm.dll+0x33f120]
V  [jvm.dll+0x2d5ca8]
V  [jvm.dll+0x2d6e06]
V  [jvm.dll+0x72a977]
V  [jvm.dll+0x72c21f]
V  [jvm.dll+0x34c469]
V  [jvm.dll+0x710400]
V  [jvm.dll+0x3b5baf]
V  [jvm.dll+0x3b7cb1]
C  [jli.dll+0x520b]
C  [ucrtbase.dll+0x21bb2]
C  [KERNEL32.DLL+0x17034]
C  [ntdll.dll+0x52651]


---------------  P R O C E S S  ---------------

Threads class SMR info:
_java_thread_list=0x000001d8f58cf280, length=0, elements={
}

Java Threads: ( => current thread )

Other Threads:
  0x000001d8f7a49000 GCTaskThread "GC Thread#0" [stack: 0x000000598ee00000,0x000000598ef00000] [id=7212]
  0x000001d8f7a78000 ConcurrentGCThread "G1 Main Marker" [stack: 0x000000598ef00000,0x000000598f000000] [id=6916]
  0x000001d8f7a79800 ConcurrentGCThread "G1 Conc#0" [stack: 0x000000598f000000,0x000000598f100000] [id=7384]

[error occurred during error reporting (printing all threads), id 0xc0000005, EXCEPTION_ACCESS_VIOLATION (0xc0000005) at pc=0x00007ffca8a34f37]

VM state:not at safepoint (not fully initialized)

VM Mutex/Monitor currently owned by a thread:  ([mutex/lock_event])
[0x000001d8f7a36330] Heap_lock - owner thread: 0x000001d8f59aa000

Heap address: 0x0000000082000000, size: 2016 MB, Compressed Oops mode: Non-zero based: 0x0000000082000000
Narrow klass base: 0x0000000000000000, Narrow klass shift: 0

GC Heap History (0 events):
No events

Deoptimization events (0 events):
No events

Classes redefined (0 events):
No events

Internal exceptions (0 events):
No events

Events (0 events):
No events


Dynamic libraries:
0x00007ff7b8360000 - 0x00007ff7b836f000 	C:\Program Files\Java\jdk-11.0.12\bin\java.exe
0x00007ffd26890000 - 0x00007ffd26a85000 	C:\Windows\SYSTEM32\ntdll.dll
0x00007ffd26780000 - 0x00007ffd2683e000 	C:\Windows\System32\KERNEL32.DLL
0x00007ffd24430000 - 0x00007ffd246f8000 	C:\Windows\System32\KERNELBASE.dll
0x00007ffd24330000 - 0x00007ffd24430000 	C:\Windows\System32\ucrtbase.dll
0x00007ffd1bf00000 - 0x00007ffd1bf18000 	C:\Program Files\Java\jdk-11.0.12\bin\jli.dll
0x00007ffd25860000 - 0x00007ffd2590e000 	C:\Windows\System32\ADVAPI32.dll
0x00007ffd25f90000 - 0x00007ffd2602e000 	C:\Windows\System32\msvcrt.dll
0x00007ffd248f0000 - 0x00007ffd2498c000 	C:\Windows\System32\sechost.dll
0x00007ffd249b0000 - 0x00007ffd24ad5000 	C:\Windows\System32\RPCRT4.dll
0x00007ffd24d70000 - 0x00007ffd24f10000 	C:\Windows\System32\USER32.dll
0x00007ffd24700000 - 0x00007ffd24722000 	C:\Windows\System32\win32u.dll
0x00007ffd25610000 - 0x00007ffd2563b000 	C:\Windows\System32\GDI32.dll
0x00007ffd240c0000 - 0x00007ffd241cb000 	C:\Windows\System32\gdi32full.dll
0x00007ffd24730000 - 0x00007ffd247cd000 	C:\Windows\System32\msvcp_win.dll
0x00007ffcf9b70000 - 0x00007ffcf9b85000 	C:\Program Files\Java\jdk-11.0.12\bin\VCRUNTIME140.dll
0x00007ffd146a0000 - 0x00007ffd1493a000 	C:\Windows\WinSxS\amd64_microsoft.windows.common-controls_6595b64144ccf1df_6.0.19041.1110_none_60b5254171f9507e\COMCTL32.dll
0x00007ffd1c2f0000 - 0x00007ffd1c2fa000 	C:\Windows\SYSTEM32\VERSION.dll
0x00007ffd25830000 - 0x00007ffd25860000 	C:\Windows\System32\IMM32.DLL
0x00007ffcd8d70000 - 0x00007ffcd8e0b000 	C:\Program Files\Java\jdk-11.0.12\bin\msvcp140.dll
0x00007ffca8750000 - 0x00007ffca924f000 	C:\Program Files\Java\jdk-11.0.12\bin\server\jvm.dll
0x00007ffd25820000 - 0x00007ffd25828000 	C:\Windows\System32\PSAPI.DLL
0x00007ffd0d3e0000 - 0x00007ffd0d3e9000 	C:\Windows\SYSTEM32\WSOCK32.dll
0x00007ffd25470000 - 0x00007ffd254db000 	C:\Windows\System32\WS2_32.dll
0x00007ffd13560000 - 0x00007ffd13587000 	C:\Windows\SYSTEM32\WINMM.dll
0x00007ffd22850000 - 0x00007ffd22862000 	C:\Windows\SYSTEM32\kernel.appcore.dll
0x00007ffd1c000000 - 0x00007ffd1c010000 	C:\Program Files\Java\jdk-11.0.12\bin\verify.dll
0x00007ffd21db0000 - 0x00007ffd21f94000 	C:\Windows\SYSTEM32\DBGHELP.DLL
0x00007ffd13750000 - 0x00007ffd1377c000 	C:\Windows\SYSTEM32\dbgcore.DLL
0x00007ffd24030000 - 0x00007ffd240b2000 	C:\Windows\System32\bcryptPrimitives.dll
0x00007ffcf2600000 - 0x00007ffcf2628000 	C:\Program Files\Java\jdk-11.0.12\bin\java.dll
0x00007ffd0ff90000 - 0x00007ffd0ff9a000 	C:\Program Files\Java\jdk-11.0.12\bin\jimage.dll
0x00007ffcf25e0000 - 0x00007ffcf25f6000 	C:\Program Files\Java\jdk-11.0.12\bin\zip.dll

dbghelp: loaded successfully - version: 4.0.5 - missing functions: none
symbol engine: initialized successfully - sym options: 0x614 - pdb path: .;C:\Program Files\Java\jdk-11.0.12\bin;C:\Windows\SYSTEM32;C:\Windows\WinSxS\amd64_microsoft.windows.common-controls_6595b64144ccf1df_6.0.19041.1110_none_60b5254171f9507e;C:\Program Files\Java\jdk-11.0.12\bin\server

VM Arguments:
jvm_args: -Dfile.encoding=utf8 
java_command: c:\Users\DELL\.vscode\extensions\vscjava.vscode-gradle-3.12.6\lib\gradle-language-server.jar
java_class_path (initial): c:\Users\DELL\.vscode\extensions\vscjava.vscode-gradle-3.12.6\lib\gradle-language-server.jar
Launcher Type: SUN_STANDARD

[Global flags]
     intx CICompilerCount                          = 4                                         {product} {ergonomic}
     uint ConcGCThreads                            = 2                                         {product} {ergonomic}
     uint G1ConcRefinementThreads                  = 8                                         {product} {ergonomic}
   size_t G1HeapRegionSize                         = 1048576                                   {product} {ergonomic}
    uintx GCDrainStackTargetSize                   = 64                                        {product} {ergonomic}
   size_t InitialHeapSize                          = 132120576                                 {product} {ergonomic}
   size_t MarkStackSize                            = 4194304                                   {product} {ergonomic}
   size_t MaxHeapSize                              = 2113929216                                {product} {ergonomic}
   size_t MinHeapDeltaBytes                        = 1048576                                   {product} {ergonomic}
    uintx NonNMethodCodeHeapSize                   = 5836300                                {pd product} {ergonomic}
    uintx NonProfiledCodeHeapSize                  = 122910970                              {pd product} {ergonomic}
    uintx ProfiledCodeHeapSize                     = 122910970                              {pd product} {ergonomic}
    uintx ReservedCodeCacheSize                    = 251658240                              {pd product} {ergonomic}
     bool SegmentedCodeCache                       = true                                      {product} {ergonomic}
     bool UseCompressedClassPointers               = true                                 {lp64_product} {ergonomic}
     bool UseCompressedOops                        = true                                 {lp64_product} {ergonomic}
     bool UseG1GC                                  = true                                      {product} {ergonomic}
     bool UseLargePagesIndividualAllocation        = false                                  {pd product} {ergonomic}

Logging:
Log output configuration:
 #0: stdout all=warning uptime,level,tags
 #1: stderr all=off uptime,level,tags

Environment Variables:
JAVA_HOME=C:\Program Files\Java\jdk-11.0.12
PATH=C:\Python310\Scripts\;C:\Python310\;C:\Program Files\Common Files\Oracle\Java\javapath;C:\Program Files (x86)\Common Files\Oracle\Java\javapath;C:\Windows\system32;C:\Windows;C:\Windows\System32\Wbem;C:\Windows\System32\WindowsPowerShell\v1.0\;C:\Windows\System32\OpenSSH\;C:\ProgramData\chocolatey\bin;C:\Program Files\nodejs\; C:\Program Files\Git\cmd;C:\Users\DELL\AppData\Local\Programs\Microsoft VS Code\bin;C:\Users\DELL\AppData\Roaming\npm;C:\adb;C:\Program Files\Git\cmd;C:\Users\DELL\AppData\Local\Programs\Microsoft VS Code\bin;C:\Users\DELL\AppData\Roaming\npm;C:\Users\DELL\AppData\Local\Android\Sdk\platform-tools;
USERNAME=DELL
OS=Windows_NT
PROCESSOR_IDENTIFIER=Intel64 Family 6 Model 142 Stepping 10, GenuineIntel



---------------  S Y S T E M  ---------------

OS: Windows 10 , 64 bit Build 19041 (10.0.19041.1566)

CPU:total 8 (initial active 8) (4 cores per cpu, 2 threads per core) family 6 model 142 stepping 10 microcode 0xea, cmov, cx8, fxsr, mmx, sse, sse2, sse3, ssse3, sse4.1, sse4.2, popcnt, avx, avx2, aes, clmul, erms, 3dnowpref, lzcnt, ht, tsc, tscinvbit, bmi1, bmi2, adx, fma

Memory: 4k page, system-wide physical 8056M (379M free)
TotalPageFile size 32632M (AvailPageFile size 38M)
current process WorkingSet (physical memory assigned to process): 9M, peak: 9M
current process commit charge ("private bytes"): 60M, peak: 185M

vm_info: Java HotSpot(TM) 64-Bit Server VM (11.0.12+8-LTS-237) for windows-amd64 JRE (11.0.12+8-LTS-237), built on Jun  8 2021 11:25:59 by "mach5one" with MS VC++ 15.9 (VS2017)

END.
